0 info it worked if it ends with ok
1 verbose cli [ 'C:\\Program Files\\nodejs\\node.exe',
1 verbose cli   'C:\\Program Files\\nodejs\\node_modules\\npm\\bin\\npm-cli.js',
1 verbose cli   'run',
1 verbose cli   'start' ]
2 info using npm@3.10.10
3 info using node@v6.11.0
4 verbose run-script [ 'prestart', 'start', 'poststart' ]
5 info lifecycle react-with-server-api@1.0.0~prestart: react-with-server-api@1.0.0
6 silly lifecycle react-with-server-api@1.0.0~prestart: no script for prestart, continuing
7 info lifecycle react-with-server-api@1.0.0~start: react-with-server-api@1.0.0
8 verbose lifecycle react-with-server-api@1.0.0~start: unsafe-perm in lifecycle true
9 verbose lifecycle react-with-server-api@1.0.0~start: PATH: C:\Users\Paddy\AppData\Roaming\nvm\v6.11.0\node_modules\npm\bin\node-gyp-bin;C:\Users\Paddy\Documents\GitHub\react-with-server-api\node_modules\.bin;C:\Program Files (x86)\NVIDIA Corporation\PhysX\Common;C:\WINDOWS\system32;C:\WINDOWS;C:\WINDOWS\System32\Wbem;C:\WINDOWS\System32\WindowsPowerShell\v1.0\;C:\Program Files (x86)\Brackets\command;C:\Users\Paddy\AppData\Roaming\nvm;C:\Program Files\nodejs;C:\Program Files\Cloud Foundry;C:\Users\Paddy\AppData\Local\Paddy Power Poker\data\QT;C:\Users\Paddy\AppData\Local\Paddy Power Poker\data\OpenSSL;C:\Users\Paddy\AppData\Local\atom\bin;C:\Users\Paddy\AppData\Roaming\npm;C:\Users\Paddy\AppData\Local\Microsoft\WindowsApps;C:\Program Files (x86)\Microsoft VS Code\bin;C:\Program Files (x86)\Heroku\bin;C:\Users\Paddy\AppData\Roaming\nvm;C:\Program Files\nodejs;
10 verbose lifecycle react-with-server-api@1.0.0~start: CWD: C:\Users\Paddy\Documents\GitHub\react-with-server-api
11 silly lifecycle react-with-server-api@1.0.0~start: Args: [ '/d /s /c', 'npm run build' ]
12 silly lifecycle react-with-server-api@1.0.0~start: Returned: code: 0  signal: null
13 info lifecycle react-with-server-api@1.0.0~poststart: react-with-server-api@1.0.0
14 verbose lifecycle react-with-server-api@1.0.0~poststart: unsafe-perm in lifecycle true
15 verbose lifecycle react-with-server-api@1.0.0~poststart: PATH: C:\Users\Paddy\AppData\Roaming\nvm\v6.11.0\node_modules\npm\bin\node-gyp-bin;C:\Users\Paddy\Documents\GitHub\react-with-server-api\node_modules\.bin;C:\Program Files (x86)\NVIDIA Corporation\PhysX\Common;C:\WINDOWS\system32;C:\WINDOWS;C:\WINDOWS\System32\Wbem;C:\WINDOWS\System32\WindowsPowerShell\v1.0\;C:\Program Files (x86)\Brackets\command;C:\Users\Paddy\AppData\Roaming\nvm;C:\Program Files\nodejs;C:\Program Files\Cloud Foundry;C:\Users\Paddy\AppData\Local\Paddy Power Poker\data\QT;C:\Users\Paddy\AppData\Local\Paddy Power Poker\data\OpenSSL;C:\Users\Paddy\AppData\Local\atom\bin;C:\Users\Paddy\AppData\Roaming\npm;C:\Users\Paddy\AppData\Local\Microsoft\WindowsApps;C:\Program Files (x86)\Microsoft VS Code\bin;C:\Program Files (x86)\Heroku\bin;C:\Users\Paddy\AppData\Roaming\nvm;C:\Program Files\nodejs;
16 verbose lifecycle react-with-server-api@1.0.0~poststart: CWD: C:\Users\Paddy\Documents\GitHub\react-with-server-api
17 silly lifecycle react-with-server-api@1.0.0~poststart: Args: [ '/d /s /c', 'node ./build/index.js' ]
18 silly lifecycle react-with-server-api@1.0.0~poststart: Returned: code: 3221225786  signal: null
19 info lifecycle react-with-server-api@1.0.0~poststart: Failed to exec poststart script
20 verbose stack Error: react-with-server-api@1.0.0 poststart: `node ./build/index.js`
20 verbose stack Exit status 3221225786
20 verbose stack     at EventEmitter.<anonymous> (C:\Users\Paddy\AppData\Roaming\nvm\v6.11.0\node_modules\npm\lib\utils\lifecycle.js:255:16)
20 verbose stack     at emitTwo (events.js:106:13)
20 verbose stack     at EventEmitter.emit (events.js:191:7)
20 verbose stack     at ChildProcess.<anonymous> (C:\Users\Paddy\AppData\Roaming\nvm\v6.11.0\node_modules\npm\lib\utils\spawn.js:40:14)
20 verbose stack     at emitTwo (events.js:106:13)
20 verbose stack     at ChildProcess.emit (events.js:191:7)
20 verbose stack     at maybeClose (internal/child_process.js:891:16)
20 verbose stack     at Process.ChildProcess._handle.onexit (internal/child_process.js:226:5)
21 verbose pkgid react-with-server-api@1.0.0
22 verbose cwd C:\Users\Paddy\Documents\GitHub\react-with-server-api
23 error Windows_NT 10.0.15063
24 error argv "C:\\Program Files\\nodejs\\node.exe" "C:\\Program Files\\nodejs\\node_modules\\npm\\bin\\npm-cli.js" "run" "start"
25 error node v6.11.0
26 error npm  v3.10.10
27 error code ELIFECYCLE
28 error react-with-server-api@1.0.0 poststart: `node ./build/index.js`
28 error Exit status 3221225786
29 error Failed at the react-with-server-api@1.0.0 poststart script 'node ./build/index.js'.
29 error Make sure you have the latest version of node.js and npm installed.
29 error If you do, this is most likely a problem with the react-with-server-api package,
29 error not with npm itself.
29 error Tell the author that this fails on your system:
29 error     node ./build/index.js
29 error You can get information on how to open an issue for this project with:
29 error     npm bugs react-with-server-api
29 error Or if that isn't available, you can get their info via:
29 error     npm owner ls react-with-server-api
29 error There is likely additional logging output above.
30 verbose exit [ 1, true ]
